<?xml version="1.0" encoding="UTF-8"?>
<testng-results skipped="0" failed="0" total="1" passed="1">
  <reporter-output>
  </reporter-output>
  <suite name="Default suite" duration-ms="77451" started-at="2019-03-31T11:48:48Z" finished-at="2019-03-31T11:50:06Z">
    <groups>
    </groups>
    <test name="Default test" duration-ms="77451" started-at="2019-03-31T11:48:48Z" finished-at="2019-03-31T11:50:06Z">
      <class name="Automation.Scenario1.Amazon">
        <test-method status="PASS" signature="AppTest(java.util.Map)[pri:0, instance:Automation.Scenario1.Amazon@26be92ad]" name="AppTest" duration-ms="76688" started-at="2019-03-31T17:18:49Z" data-provider="extractData" finished-at="2019-03-31T17:20:06Z">
          <params>
            <param index="0">
              <value>
                <![CDATA[{Department=Men's Fashion, UserName=smds289@gmail.com , ProductName=505 Regular Fit Jean, selectSize=32W x 32L, Feshion=CLOTHING, Product=Automation Book, Url=https://www.amazon.com/, OptionName=Essential Apparel, Browser=Chrome, Password=20022019}]]>
              </value>
            </param>
          </params>
          <reporter-output>
          </reporter-output>
        </test-method> <!-- AppTest -->
      </class> <!-- Automation.Scenario1.Amazon -->
    </test> <!-- Default test -->
  </suite> <!-- Default suite -->
</testng-results>
